[00:23:21.620][INFO ][com.example.demo.BackendApplication.logStarting:line55] - Starting BackendApplication using Java 1.8.0_291 on LAPTOP-PGDSHVPK with PID 6756 (C:\Users\kwkw1\Desktop\잡동사니\test_khs\backend\target\classes started by kwkw1 in C:\Users\kwkw1\Desktop\잡동사니\test_khs\backend)
[00:23:21.641][INFO ][com.example.demo.BackendApplication.logStartupProfileInfo:line659] - No active profile set, falling back to default profiles: default
[00:23:21.769][INFO ][org.springframework.boot.devtools.env.DevToolsPropertyDefaultsPostProcessor.logTo:line255] - Devtools property defaults active! Set 'spring.devtools.add-properties' to 'false' to disable
[00:23:21.770][INFO ][org.springframework.boot.devtools.env.DevToolsPropertyDefaultsPostProcessor.logTo:line255] - For additional web related logging consider setting the 'logging.level.web' property to 'DEBUG'
[00:23:25.031][INFO ][org.springframework.boot.web.embedded.tomcat.TomcatWebServer.initialize:line108] - Tomcat initialized with port(s): 8000 (http)
[00:23:25.053][INFO ][org.apache.catalina.core.StandardService.log:line173] - Starting service [Tomcat]
[00:23:25.054][INFO ][org.apache.catalina.core.StandardEngine.log:line173] - Starting Servlet engine: [Apache Tomcat/9.0.48]
[00:23:25.268][INFO ][org.apache.catalina.core.ContainerBase.[Tomcat].[localhost].[/].log:line173] - Initializing Spring embedded WebApplicationContext
[00:23:25.269][INFO ][org.springframework.boot.web.servlet.context.ServletWebServerApplicationContext.prepareWebApplicationContext:line290] - Root WebApplicationContext: initialization completed in 3497 ms
[00:23:25.587][INFO ][org.reflections.Reflections.scan:line239] - Reflections took 130 ms to scan 1 urls, producing 2 keys and 8 values 
[00:23:25.606][WARN ][org.springframework.boot.web.servlet.context.AnnotationConfigServletWebServerApplicationContext.refresh:line591] - Exception encountered during context initialization - cancelling refresh attempt: org.springframework.beans.factory.UnsatisfiedDependencyException: Error creating bean with name 'oembedController' defined in file [C:\Users\kwkw1\Desktop\잡동사니\test_khs\backend\target\classes\com\example\demo\controller\OembedController.class]: Unsatisfied dependency expressed through constructor parameter 0; nested exception is org.springframework.beans.factory.UnsatisfiedDependencyException: Error creating bean with name 'oembedServiceImpl' defined in file [C:\Users\kwkw1\Desktop\잡동사니\test_khs\backend\target\classes\com\example\demo\service\OembedServiceImpl.class]: Unsatisfied dependency expressed through constructor parameter 3; nested exception is org.springframework.beans.factory.NoSuchBeanDefinitionException: No qualifying bean of type 'com.example.demo.util.JsonConverter' available: expected at least 1 bean which qualifies as autowire candidate. Dependency annotations: {}
[00:23:25.611][INFO ][org.apache.catalina.core.StandardService.log:line173] - Stopping service [Tomcat]
[00:23:25.637][INFO ][org.springframework.boot.autoconfigure.logging.ConditionEvaluationReportLoggingListener.logMessage:line136] - 

Error starting ApplicationContext. To display the conditions report re-run your application with 'debug' enabled.
[00:23:25.698][ERROR][org.springframework.boot.diagnostics.LoggingFailureAnalysisReporter.report:line40] - 

***************************
APPLICATION FAILED TO START
***************************

Description:

Parameter 3 of constructor in com.example.demo.service.OembedServiceImpl required a bean of type 'com.example.demo.util.JsonConverter' that could not be found.


Action:

Consider defining a bean of type 'com.example.demo.util.JsonConverter' in your configuration.

[00:24:01.396][INFO ][com.example.demo.BackendApplication.logStarting:line55] - Starting BackendApplication using Java 1.8.0_291 on LAPTOP-PGDSHVPK with PID 8252 (C:\Users\kwkw1\Desktop\잡동사니\test_khs\backend\target\classes started by kwkw1 in C:\Users\kwkw1\Desktop\잡동사니\test_khs\backend)
[00:24:01.403][INFO ][com.example.demo.BackendApplication.logStartupProfileInfo:line659] - No active profile set, falling back to default profiles: default
[00:24:01.506][INFO ][org.springframework.boot.devtools.env.DevToolsPropertyDefaultsPostProcessor.logTo:line255] - Devtools property defaults active! Set 'spring.devtools.add-properties' to 'false' to disable
[00:24:01.507][INFO ][org.springframework.boot.devtools.env.DevToolsPropertyDefaultsPostProcessor.logTo:line255] - For additional web related logging consider setting the 'logging.level.web' property to 'DEBUG'
[00:24:03.715][INFO ][org.springframework.boot.web.embedded.tomcat.TomcatWebServer.initialize:line108] - Tomcat initialized with port(s): 8000 (http)
[00:24:03.737][INFO ][org.apache.catalina.core.StandardService.log:line173] - Starting service [Tomcat]
[00:24:03.738][INFO ][org.apache.catalina.core.StandardEngine.log:line173] - Starting Servlet engine: [Apache Tomcat/9.0.48]
[00:24:03.939][INFO ][org.apache.catalina.core.ContainerBase.[Tomcat].[localhost].[/].log:line173] - Initializing Spring embedded WebApplicationContext
[00:24:03.940][INFO ][org.springframework.boot.web.servlet.context.ServletWebServerApplicationContext.prepareWebApplicationContext:line290] - Root WebApplicationContext: initialization completed in 2432 ms
[00:24:04.205][INFO ][org.reflections.Reflections.scan:line239] - Reflections took 102 ms to scan 1 urls, producing 2 keys and 8 values 
[00:24:04.226][WARN ][org.springframework.boot.web.servlet.context.AnnotationConfigServletWebServerApplicationContext.refresh:line591] - Exception encountered during context initialization - cancelling refresh attempt: org.springframework.beans.factory.UnsatisfiedDependencyException: Error creating bean with name 'oembedController' defined in file [C:\Users\kwkw1\Desktop\잡동사니\test_khs\backend\target\classes\com\example\demo\controller\OembedController.class]: Unsatisfied dependency expressed through constructor parameter 0; nested exception is org.springframework.beans.factory.UnsatisfiedDependencyException: Error creating bean with name 'oembedServiceImpl' defined in file [C:\Users\kwkw1\Desktop\잡동사니\test_khs\backend\target\classes\com\example\demo\service\OembedServiceImpl.class]: Unsatisfied dependency expressed through constructor parameter 3; nested exception is org.springframework.beans.factory.UnsatisfiedDependencyException: Error creating bean with name 'jsonConverter' defined in file [C:\Users\kwkw1\Desktop\잡동사니\test_khs\backend\target\classes\com\example\demo\util\JsonConverter.class]: Unsatisfied dependency expressed through constructor parameter 0; nested exception is org.springframework.beans.factory.NoSuchBeanDefinitionException: No qualifying bean of type 'com.google.gson.JsonParser' available: expected at least 1 bean which qualifies as autowire candidate. Dependency annotations: {}
[00:24:04.231][INFO ][org.apache.catalina.core.StandardService.log:line173] - Stopping service [Tomcat]
[00:24:04.256][INFO ][org.springframework.boot.autoconfigure.logging.ConditionEvaluationReportLoggingListener.logMessage:line136] - 

Error starting ApplicationContext. To display the conditions report re-run your application with 'debug' enabled.
[00:24:04.316][ERROR][org.springframework.boot.diagnostics.LoggingFailureAnalysisReporter.report:line40] - 

***************************
APPLICATION FAILED TO START
***************************

Description:

Parameter 0 of constructor in com.example.demo.util.JsonConverter required a bean of type 'com.google.gson.JsonParser' that could not be found.


Action:

Consider defining a bean of type 'com.google.gson.JsonParser' in your configuration.

[00:24:50.800][INFO ][com.example.demo.BackendApplication.logStarting:line55] - Starting BackendApplication using Java 1.8.0_291 on LAPTOP-PGDSHVPK with PID 18264 (C:\Users\kwkw1\Desktop\잡동사니\test_khs\backend\target\classes started by kwkw1 in C:\Users\kwkw1\Desktop\잡동사니\test_khs\backend)
[00:24:50.806][INFO ][com.example.demo.BackendApplication.logStartupProfileInfo:line659] - No active profile set, falling back to default profiles: default
[00:24:50.901][INFO ][org.springframework.boot.devtools.env.DevToolsPropertyDefaultsPostProcessor.logTo:line255] - Devtools property defaults active! Set 'spring.devtools.add-properties' to 'false' to disable
[00:24:50.902][INFO ][org.springframework.boot.devtools.env.DevToolsPropertyDefaultsPostProcessor.logTo:line255] - For additional web related logging consider setting the 'logging.level.web' property to 'DEBUG'
[00:24:53.197][INFO ][org.springframework.boot.web.embedded.tomcat.TomcatWebServer.initialize:line108] - Tomcat initialized with port(s): 8000 (http)
[00:24:53.218][INFO ][org.apache.catalina.core.StandardService.log:line173] - Starting service [Tomcat]
[00:24:53.219][INFO ][org.apache.catalina.core.StandardEngine.log:line173] - Starting Servlet engine: [Apache Tomcat/9.0.48]
[00:24:53.423][INFO ][org.apache.catalina.core.ContainerBase.[Tomcat].[localhost].[/].log:line173] - Initializing Spring embedded WebApplicationContext
[00:24:53.424][INFO ][org.springframework.boot.web.servlet.context.ServletWebServerApplicationContext.prepareWebApplicationContext:line290] - Root WebApplicationContext: initialization completed in 2521 ms
[00:24:53.704][INFO ][org.reflections.Reflections.scan:line239] - Reflections took 97 ms to scan 1 urls, producing 2 keys and 8 values 
[00:24:55.124][INFO ][org.springframework.boot.devtools.autoconfigure.OptionalLiveReloadServer.startServer:line58] - LiveReload server is running on port 35729
[00:24:55.290][INFO ][org.springframework.boot.web.embedded.tomcat.TomcatWebServer.start:line220] - Tomcat started on port(s): 8000 (http) with context path ''
[00:24:55.333][INFO ][com.example.demo.BackendApplication.logStarted:line61] - Started BackendApplication in 5.509 seconds (JVM running for 8.82)
[00:25:09.375][INFO ][org.apache.catalina.core.ContainerBase.[Tomcat].[localhost].[/].log:line173] - Initializing Spring DispatcherServlet 'dispatcherServlet'
[00:25:09.376][INFO ][org.springframework.web.servlet.DispatcherServlet.initServletBean:line525] - Initializing Servlet 'dispatcherServlet'
[00:25:09.377][INFO ][org.springframework.web.servlet.DispatcherServlet.initServletBean:line547] - Completed initialization in 1 ms
[00:25:09.584][INFO ][com.example.demo.service.OembedServiceImpl.getOembed:line43] - oEmbed 처리요청 : https://www.youtube.com/watch?v=XBG6CUtVCIg
[00:25:09.597][INFO ][com.example.demo.util.UrlHandler.isValidUrl:line30] - 유효한 url 요청시도 : https://www.youtube.com/watch?v=XBG6CUtVCIg
[00:25:09.599][INFO ][com.example.demo.util.UrlHandler.getProviderUrl:line47] - 유효한 Provider 판별 : https://www.youtube.com/watch?v=XBG6CUtVCIg
[00:25:09.600][INFO ][com.example.demo.util.HttpHeaderWork.getHttpHeaders:line24] - www.youtube.com HttpHeader에 생성 성공
[00:25:09.608][INFO ][com.example.demo.util.OembedReflection.findOembedProvider:line26] - www.youtube.com : class com.example.demo.model.Youtube Provider 일치
[00:25:12.767][INFO ][com.example.demo.model.Youtube.getOembedInfo:line43] - Youtube oEmbed API 결과 반환 성공 : https://www.youtube.com/watch?v=XBG6CUtVCIg
[00:25:12.768][INFO ][com.example.demo.util.OembedReflection.executeGetOembedInfo:line64] - oEmbed 요청 결과 반환 성공 : https://www.youtube.com/watch?v=XBG6CUtVCIg
[00:25:12.785][INFO ][com.example.demo.service.OembedServiceImpl.getOembed:line54] - oEmbed 처리완료  : https://www.youtube.com/watch?v=XBG6CUtVCIg
[00:25:39.848][INFO ][com.example.demo.service.OembedServiceImpl.getOembed:line43] - oEmbed 처리요청 : https://www.youtube.com/watch?v=dMxjcIcORy4
[00:25:39.850][INFO ][com.example.demo.util.UrlHandler.isValidUrl:line30] - 유효한 url 요청시도 : https://www.youtube.com/watch?v=dMxjcIcORy4
[00:25:39.851][INFO ][com.example.demo.util.UrlHandler.getProviderUrl:line47] - 유효한 Provider 판별 : https://www.youtube.com/watch?v=dMxjcIcORy4
[00:25:39.851][INFO ][com.example.demo.util.HttpHeaderWork.getHttpHeaders:line24] - www.youtube.com HttpHeader에 생성 성공
[00:25:39.853][INFO ][com.example.demo.util.OembedReflection.findOembedProvider:line26] - www.youtube.com : class com.example.demo.model.Youtube Provider 일치
[00:25:40.120][INFO ][com.example.demo.model.Youtube.getOembedInfo:line43] - Youtube oEmbed API 결과 반환 성공 : https://www.youtube.com/watch?v=dMxjcIcORy4
[00:25:40.121][INFO ][com.example.demo.util.OembedReflection.executeGetOembedInfo:line64] - oEmbed 요청 결과 반환 성공 : https://www.youtube.com/watch?v=dMxjcIcORy4
[00:25:40.124][INFO ][com.example.demo.service.OembedServiceImpl.getOembed:line54] - oEmbed 처리완료  : https://www.youtube.com/watch?v=dMxjcIcORy4
[00:26:21.013][INFO ][com.example.demo.BackendApplication.logStarting:line55] - Starting BackendApplication using Java 1.8.0_291 on LAPTOP-PGDSHVPK with PID 18264 (C:\Users\kwkw1\Desktop\잡동사니\test_khs\backend\target\classes started by kwkw1 in C:\Users\kwkw1\Desktop\잡동사니\test_khs\backend)
[00:26:21.014][INFO ][com.example.demo.BackendApplication.logStartupProfileInfo:line659] - No active profile set, falling back to default profiles: default
[00:26:21.636][INFO ][org.springframework.boot.web.embedded.tomcat.TomcatWebServer.initialize:line108] - Tomcat initialized with port(s): 8000 (http)
[00:26:21.637][INFO ][org.apache.catalina.core.StandardService.log:line173] - Starting service [Tomcat]
[00:26:21.637][INFO ][org.apache.catalina.core.StandardEngine.log:line173] - Starting Servlet engine: [Apache Tomcat/9.0.48]
[00:26:21.680][INFO ][org.apache.catalina.core.ContainerBase.[Tomcat].[localhost].[/].log:line173] - Initializing Spring embedded WebApplicationContext
[00:26:21.680][INFO ][org.springframework.boot.web.servlet.context.ServletWebServerApplicationContext.prepareWebApplicationContext:line290] - Root WebApplicationContext: initialization completed in 660 ms
[00:26:21.728][INFO ][org.reflections.Reflections.scan:line239] - Reflections took 19 ms to scan 1 urls, producing 2 keys and 8 values 
[00:26:21.909][INFO ][org.springframework.boot.devtools.autoconfigure.OptionalLiveReloadServer.startServer:line58] - LiveReload server is running on port 35729
[00:26:21.923][INFO ][org.springframework.boot.web.embedded.tomcat.TomcatWebServer.start:line220] - Tomcat started on port(s): 8000 (http) with context path ''
[00:26:21.930][INFO ][com.example.demo.BackendApplication.logStarted:line61] - Started BackendApplication in 1.001 seconds (JVM running for 95.417)
[00:26:21.934][INFO ][org.springframework.boot.devtools.autoconfigure.ConditionEvaluationDeltaLoggingListener.onApplicationEvent:line63] - Condition evaluation unchanged
[00:26:36.427][INFO ][org.apache.catalina.core.ContainerBase.[Tomcat].[localhost].[/].log:line173] - Initializing Spring DispatcherServlet 'dispatcherServlet'
[00:26:36.430][INFO ][org.springframework.web.servlet.DispatcherServlet.initServletBean:line525] - Initializing Servlet 'dispatcherServlet'
[00:26:36.432][INFO ][org.springframework.web.servlet.DispatcherServlet.initServletBean:line547] - Completed initialization in 1 ms
[00:26:36.449][INFO ][com.example.demo.service.OembedServiceImpl.getOembed:line39] - oEmbed 처리요청 : https://www.youtube.com/watch?v=9b23oBhPRUg
[00:26:36.450][INFO ][com.example.demo.util.UrlHandler.isValidUrl:line30] - 유효한 url 요청시도 : https://www.youtube.com/watch?v=9b23oBhPRUg
[00:26:36.451][INFO ][com.example.demo.util.UrlHandler.getProviderUrl:line47] - 유효한 Provider 판별 : https://www.youtube.com/watch?v=9b23oBhPRUg
[00:26:36.452][INFO ][com.example.demo.util.HttpHeaderWork.getHttpHeaders:line24] - www.youtube.com HttpHeader에 생성 성공
[00:26:36.458][INFO ][com.example.demo.util.OembedReflection.findOembedProvider:line26] - www.youtube.com : class com.example.demo.model.Youtube Provider 일치
[00:26:36.719][INFO ][com.example.demo.model.Youtube.getOembedInfo:line43] - Youtube oEmbed API 결과 반환 성공 : https://www.youtube.com/watch?v=9b23oBhPRUg
[00:26:36.721][INFO ][com.example.demo.util.OembedReflection.executeGetOembedInfo:line64] - oEmbed 요청 결과 반환 성공 : https://www.youtube.com/watch?v=9b23oBhPRUg
[00:26:36.725][INFO ][com.example.demo.service.OembedServiceImpl.getOembed:line50] - oEmbed 처리완료  : https://www.youtube.com/watch?v=9b23oBhPRUg
